[INFO] Scanning for projects...
[INFO] 
[INFO] ------------------------------------------------------------------------
[INFO] Building jms-basic 0.0.1-SNAPSHOT
[INFO] ------------------------------------------------------------------------
[INFO] 
[INFO] --- maven-clean-plugin:2.5:clean (default-clean) @ jms-basic ---
[INFO] Deleting /home/baptiste/eclipse-workspace/jms-basic/target
[INFO] 
[INFO] --- maven-resources-plugin:2.6:resources (default-resources) @ jms-basic ---
[INFO] Using 'UTF-8' encoding to copy filtered resources.
[INFO] Copying 0 resource
[INFO] 
[INFO] --- maven-compiler-plugin:3.1:compile (default-compile) @ jms-basic ---
[INFO] Changes detected - recompiling the module!
[INFO] Compiling 9 source files to /home/baptiste/eclipse-workspace/jms-basic/target/classes
[INFO] 
[INFO] --- maven-resources-plugin:2.6:testResources (default-testResources) @ jms-basic ---
[INFO] Using 'UTF-8' encoding to copy filtered resources.
[INFO] Copying 3 resources
[INFO] 
[INFO] --- maven-compiler-plugin:3.1:testCompile (default-testCompile) @ jms-basic ---
[INFO] Changes detected - recompiling the module!
[INFO] Compiling 5 source files to /home/baptiste/eclipse-workspace/jms-basic/target/test-classes
[INFO] 
[INFO] --- maven-dependency-plugin:2.8:unpack (unpack) @ jms-basic ---
[INFO] Configured Artifact: org.wildfly:wildfly-dist:8.2.1.Final:zip
[INFO] Unpacking /home/baptiste/.m2/repository/org/wildfly/wildfly-dist/8.2.1.Final/wildfly-dist-8.2.1.Final.zip to /home/baptiste/eclipse-workspace/jms-basic/target with includes "" and excludes ""
[INFO] 
[INFO] --- maven-surefire-plugin:2.12.4:test (default-test) @ jms-basic ---
[INFO] Surefire report directory: /home/baptiste/eclipse-workspace/jms-basic/target/surefire-reports

-------------------------------------------------------
 T E S T S
-------------------------------------------------------
Running org.javaee7.jms.basic.sync.JmsSyncTest
Tests run: 1, Failures: 0, Errors: 0, Skipped: 1, Time elapsed: 0.006 sec
Running org.javaee7.jms.basic.utils.ReceptionSynchronizerTest
Tests run: 1, Failures: 0, Errors: 0, Skipped: 0, Time elapsed: 1.025 sec
Running org.javaee7.jms.basic.async.JmsAsyncTest
Java HotSpot(TM) 64-Bit Server VM warning: ignoring option MaxPermSize=256m; support was removed in 8.0
20:59:08,334 INFO  [org.jboss.modules] (main) JBoss Modules version 1.3.3.Final
20:59:08,438 INFO  [org.jboss.msc] (main) JBoss MSC version 1.2.2.Final
20:59:08,481 INFO  [org.jboss.as] (MSC service thread 1-6) JBAS015899: WildFly 8.2.1.Final "Tweek" starting
20:59:09,188 INFO  [org.jboss.as.server] (Controller Boot Thread) JBAS015888: Creating http management service using socket-binding (management-http)
20:59:09,199 INFO  [org.xnio] (MSC service thread 1-3) XNIO version 3.3.0.Final
20:59:09,205 INFO  [org.xnio.nio] (MSC service thread 1-3) XNIO NIO Implementation Version 3.3.0.Final
20:59:09,226 INFO  [org.jboss.remoting] (MSC service thread 1-3) JBoss Remoting version 4.0.7.Final
20:59:09,244 INFO  [org.jboss.as.connector.subsystems.datasources] (ServerService Thread Pool -- 30) JBAS010403: Deploying JDBC-compliant driver class org.h2.Driver (version 1.3)
20:59:09,265 INFO  [org.wildfly.extension.io] (ServerService Thread Pool -- 34) WFLYIO001: Worker 'default' has auto-configured to 8 core threads with 64 task threads based on your 4 available processors
20:59:09,275 INFO  [org.jboss.as.clustering.infinispan] (ServerService Thread Pool -- 35) JBAS010280: Activating Infinispan subsystem.
20:59:09,288 INFO  [org.jboss.as.jacorb] (ServerService Thread Pool -- 36) JBAS016300: Activating JacORB Subsystem
20:59:09,313 INFO  [org.jboss.as.jsf] (ServerService Thread Pool -- 42) JBAS012615: Activated the following JSF Implementations: [main]
20:59:09,331 INFO  [org.jboss.as.security] (ServerService Thread Pool -- 51) JBAS013171: Activating Security Subsystem
20:59:09,334 INFO  [org.jboss.as.naming] (ServerService Thread Pool -- 46) JBAS011800: Activating Naming Subsystem
20:59:09,335 WARN  [org.jboss.as.txn] (ServerService Thread Pool -- 52) JBAS010153: Node identifier property is set to the default value. Please make sure it is unique.
20:59:09,343 INFO  [org.jboss.as.security] (MSC service thread 1-5) JBAS013170: Current PicketBox version=4.0.21.Final
20:59:09,350 INFO  [org.jboss.as.connector.logging] (MSC service thread 1-8) JBAS010408: Starting JCA Subsystem (IronJacamar 1.1.9.Final)
20:59:09,357 INFO  [org.jboss.as.connector.deployers.jdbc] (MSC service thread 1-8) JBAS010417: Started Driver service with driver-name = h2
20:59:09,362 INFO  [org.jboss.as.webservices] (ServerService Thread Pool -- 54) JBAS015537: Activating WebServices Extension
20:59:09,395 INFO  [org.wildfly.extension.undertow] (MSC service thread 1-6) JBAS017502: Undertow 1.1.8.Final starting
20:59:09,394 INFO  [org.wildfly.extension.undertow] (ServerService Thread Pool -- 53) JBAS017502: Undertow 1.1.8.Final starting
20:59:09,405 INFO  [org.jboss.as.mail.extension] (MSC service thread 1-7) JBAS015400: Bound mail session [java:jboss/mail/Default]
20:59:09,405 INFO  [org.jboss.as.naming] (MSC service thread 1-3) JBAS011802: Starting Naming Service
20:59:09,647 INFO  [org.wildfly.extension.undertow] (ServerService Thread Pool -- 53) JBAS017527: Creating file handler for path /home/baptiste/eclipse-workspace/jms-basic/target/wildfly-8.2.1.Final/welcome-content
20:59:09,650 INFO  [org.wildfly.extension.undertow] (MSC service thread 1-2) JBAS017525: Started server default-server.
20:59:09,666 INFO  [org.wildfly.extension.undertow] (MSC service thread 1-2) JBAS017531: Host default-host starting
20:59:09,713 INFO  [org.jboss.as.jacorb] (MSC service thread 1-8) JBAS016330: CORBA ORB Service started
20:59:09,736 INFO  [org.jboss.as.server.deployment.scanner] (MSC service thread 1-2) JBAS015012: Started FileSystemDeploymentService for directory /home/baptiste/eclipse-workspace/jms-basic/target/wildfly-8.2.1.Final/standalone/deployments
20:59:09,740 INFO  [org.wildfly.extension.undertow] (MSC service thread 1-5) JBAS017519: Undertow HTTP listener default listening on /127.0.0.1:8080
20:59:09,825 INFO  [org.jboss.as.connector.subsystems.datasources] (MSC service thread 1-4) JBAS010400: Bound data source [java:jboss/datasources/ExampleDS]
20:59:09,847 INFO  [org.jboss.as.jacorb] (MSC service thread 1-7) JBAS016328: CORBA Naming Service started
20:59:09,871 INFO  [org.hornetq.core.server] (ServerService Thread Pool -- 56) HQ221000: live server is starting with configuration HornetQ Configuration (clustered=false,backup=false,sharedStore=true,journalDirectory=/home/baptiste/eclipse-workspace/jms-basic/target/wildfly-8.2.1.Final/standalone/data/messagingjournal,bindingsDirectory=/home/baptiste/eclipse-workspace/jms-basic/target/wildfly-8.2.1.Final/standalone/data/messagingbindings,largeMessagesDirectory=/home/baptiste/eclipse-workspace/jms-basic/target/wildfly-8.2.1.Final/standalone/data/messaginglargemessages,pagingDirectory=/home/baptiste/eclipse-workspace/jms-basic/target/wildfly-8.2.1.Final/standalone/data/messagingpaging)
20:59:09,872 INFO  [org.hornetq.core.server] (ServerService Thread Pool -- 56) HQ221006: Waiting to obtain live lock
20:59:09,903 INFO  [org.hornetq.core.server] (ServerService Thread Pool -- 56) HQ221012: Using AIO Journal
20:59:09,938 INFO  [org.jboss.ws.common.management] (MSC service thread 1-5) JBWS022052: Starting JBoss Web Services - Stack CXF Server 4.3.2.Final
20:59:09,985 INFO  [io.netty.util.internal.PlatformDependent] (ServerService Thread Pool -- 56) Your platform does not provide complete low-level API for accessing direct buffers reliably. Unless explicitly requested, heap buffer will always be preferred to avoid potential system unstability.
20:59:10,016 INFO  [org.hornetq.core.server] (ServerService Thread Pool -- 56) HQ221043: Adding protocol support CORE
20:59:10,027 INFO  [org.hornetq.core.server] (ServerService Thread Pool -- 56) HQ221043: Adding protocol support AMQP
20:59:10,030 INFO  [org.hornetq.core.server] (ServerService Thread Pool -- 56) HQ221043: Adding protocol support STOMP
20:59:10,074 INFO  [org.hornetq.core.server] (ServerService Thread Pool -- 56) HQ221034: Waiting to obtain live lock
20:59:10,075 INFO  [org.hornetq.core.server] (ServerService Thread Pool -- 56) HQ221035: Live Server Obtained live lock
20:59:10,180 INFO  [org.jboss.messaging] (MSC service thread 1-8) JBAS011615: Registered HTTP upgrade for hornetq-remoting protocol handled by http-acceptor acceptor
20:59:10,183 INFO  [org.jboss.messaging] (MSC service thread 1-1) JBAS011615: Registered HTTP upgrade for hornetq-remoting protocol handled by http-acceptor-throughput acceptor
20:59:10,273 INFO  [org.hornetq.core.server] (ServerService Thread Pool -- 56) HQ221007: Server is now live
20:59:10,274 INFO  [org.hornetq.core.server] (ServerService Thread Pool -- 56) HQ221001: HornetQ Server version 2.4.5.FINAL (Wild Hornet, 124) [bafe9642-4d71-11e8-b57f-8532753bb23b] 
20:59:10,277 INFO  [org.hornetq.core.server] (ServerService Thread Pool -- 56) HQ221003: trying to deploy queue jms.queue.ExpiryQueue
20:59:10,326 INFO  [org.jboss.as.messaging] (ServerService Thread Pool -- 56) JBAS011601: Bound messaging object to jndi name java:/jms/queue/ExpiryQueue
20:59:10,329 INFO  [org.jboss.as.connector.deployment] (MSC service thread 1-6) JBAS010406: Registered connection factory java:/JmsXA
20:59:10,337 INFO  [org.jboss.as.messaging] (ServerService Thread Pool -- 58) JBAS011601: Bound messaging object to jndi name java:/ConnectionFactory
20:59:10,338 INFO  [org.jboss.as.messaging] (ServerService Thread Pool -- 59) JBAS011601: Bound messaging object to jndi name java:jboss/exported/jms/RemoteConnectionFactory
20:59:10,338 INFO  [org.hornetq.core.server] (ServerService Thread Pool -- 57) HQ221003: trying to deploy queue jms.queue.DLQ
20:59:10,340 INFO  [org.jboss.as.messaging] (ServerService Thread Pool -- 57) JBAS011601: Bound messaging object to jndi name java:/jms/queue/DLQ
20:59:10,370 INFO  [org.hornetq.ra] (MSC service thread 1-6) HornetQ resource adaptor started
20:59:10,370 INFO  [org.jboss.as.connector.services.resourceadapters.ResourceAdapterActivatorService$ResourceAdapterActivator] (MSC service thread 1-6) IJ020002: Deployed: file://RaActivatorhornetq-ra
20:59:10,372 INFO  [org.jboss.as.connector.deployment] (MSC service thread 1-6) JBAS010401: Bound JCA ConnectionFactory [java:/JmsXA]
20:59:10,372 INFO  [org.jboss.as.messaging] (MSC service thread 1-6) JBAS011601: Bound messaging object to jndi name java:jboss/DefaultJMSConnectionFactory
20:59:10,406 INFO  [org.jboss.as] (Controller Boot Thread) JBAS015961: Http management interface listening on http://127.0.0.1:9990/management
20:59:10,407 INFO  [org.jboss.as] (Controller Boot Thread) JBAS015951: Admin console listening on http://127.0.0.1:9990
20:59:10,407 INFO  [org.jboss.as] (Controller Boot Thread) JBAS015874: WildFly 8.2.1.Final "Tweek" started in 2270ms - Started 218 of 267 services (93 services are lazy, passive or on-demand)
20:59:11,012 INFO  [org.jboss.as.repository] (management-handler-thread - 4) JBAS014900: Content added at location /home/baptiste/eclipse-workspace/jms-basic/target/wildfly-8.2.1.Final/standalone/data/content/34/4c11a0b2678dd5eef6638119d5c0e1f1700f23/content
20:59:11,023 INFO  [org.jboss.as.server.deployment] (MSC service thread 1-5) JBAS015876: Starting deployment of "e08234d1-efe0-46cd-aae8-6552b18a0c25.war" (runtime-name: "e08234d1-efe0-46cd-aae8-6552b18a0c25.war")
20:59:11,414 INFO  [org.jboss.weld.deployer] (MSC service thread 1-3) JBAS016002: Processing weld deployment e08234d1-efe0-46cd-aae8-6552b18a0c25.war
20:59:11,451 INFO  [org.hibernate.validator.internal.util.Version] (MSC service thread 1-3) HV000001: Hibernate Validator 5.1.3.Final
20:59:11,498 INFO  [org.jboss.as.ejb3.deployment.processors.EjbJndiBindingsDeploymentUnitProcessor] (MSC service thread 1-3) JNDI bindings for session bean named MessageSenderAsync in deployment unit deployment "e08234d1-efe0-46cd-aae8-6552b18a0c25.war" are as follows:

	java:global/e08234d1-efe0-46cd-aae8-6552b18a0c25/MessageSenderAsync!org.javaee7.jms.basic.async.MessageSenderAsync
	java:app/e08234d1-efe0-46cd-aae8-6552b18a0c25/MessageSenderAsync!org.javaee7.jms.basic.async.MessageSenderAsync
	java:module/MessageSenderAsync!org.javaee7.jms.basic.async.MessageSenderAsync
	java:global/e08234d1-efe0-46cd-aae8-6552b18a0c25/MessageSenderAsync
	java:app/e08234d1-efe0-46cd-aae8-6552b18a0c25/MessageSenderAsync
	java:module/MessageSenderAsync

20:59:11,607 INFO  [org.jboss.weld.deployer] (MSC service thread 1-5) JBAS016005: Starting Services for CDI deployment: e08234d1-efe0-46cd-aae8-6552b18a0c25.war
20:59:11,642 INFO  [org.jboss.weld.Version] (MSC service thread 1-5) WELD-000900: 2.2.6 (Final)
20:59:11,672 INFO  [org.hornetq.core.server] (ServerService Thread Pool -- 57) HQ221003: trying to deploy queue jms.queue.asyncQueue
20:59:11,682 INFO  [org.jboss.as.messaging] (MSC service thread 1-7) JBAS011601: Bound messaging object to jndi name java:app/jms/mySyncAppQueue
20:59:11,682 INFO  [org.jboss.as.messaging] (MSC service thread 1-7) JBAS011601: Bound messaging object to jndi name java:app/jms/myAsyncQueue
20:59:11,681 INFO  [org.jboss.as.messaging] (MSC service thread 1-2) JBAS011601: Bound messaging object to jndi name java:app/jms/classicQueue
20:59:11,681 INFO  [org.jboss.as.messaging] (MSC service thread 1-8) JBAS011601: Bound messaging object to jndi name java:app/jms/mySyncContainerQueue
20:59:11,683 INFO  [org.jboss.weld.deployer] (MSC service thread 1-7) JBAS016008: Starting weld service for deployment e08234d1-efe0-46cd-aae8-6552b18a0c25.war
20:59:11,684 INFO  [org.hornetq.core.server] (ServerService Thread Pool -- 27) HQ221003: trying to deploy queue jms.queue.classicQueue
20:59:11,686 INFO  [org.hornetq.core.server] (ServerService Thread Pool -- 28) HQ221003: trying to deploy queue jms.queue.syncAppQueue
20:59:11,687 INFO  [org.hornetq.core.server] (ServerService Thread Pool -- 26) HQ221003: trying to deploy queue jms.queue.syncContainerQueue
20:59:11,765 INFO  [org.jboss.as.ejb3] (MSC service thread 1-3) JBAS014142: Started message driven bean 'MDBExample' with 'hornetq-ra.rar' resource adapter
20:59:12,499 INFO  [org.wildfly.extension.undertow] (MSC service thread 1-5) JBAS017534: Registered web context: /e08234d1-efe0-46cd-aae8-6552b18a0c25
20:59:12,549 INFO  [org.hornetq.ra] (default-threads - 1) HQ151000: awaiting topic/queue creation app/jms/myAsyncQueue
20:59:12,550 INFO  [org.jboss.as.server] (management-handler-thread - 4) JBAS018559: Deployed "e08234d1-efe0-46cd-aae8-6552b18a0c25.war" (runtime-name : "e08234d1-efe0-46cd-aae8-6552b18a0c25.war")
20:59:13,583 WARN  [org.hornetq.core.client] (default task-1) HQ212053: CompletionListener/SendAcknowledgementHandler used with confirmationWindowSize=-1. Enable confirmationWindowSize to receive acks from server!
20:59:13,595 INFO  [stdout] (Thread-1 (HornetQ-client-global-threads-392615382)) Fire!
20:59:14,550 INFO  [org.hornetq.ra] (default-threads - 1) HQ151001: Attempting to reconnect org.hornetq.ra.inflow.HornetQActivationSpec(ra=org.hornetq.ra.HornetQResourceAdapter@3e15095f destination=app/jms/myAsyncQueue destinationType=javax.jms.Queue ack=Auto-acknowledge durable=false clientID=null user=null maxSession=15)
20:59:23,659 INFO  [org.wildfly.extension.undertow] (MSC service thread 1-7) JBAS017535: Unregistered web context: /e08234d1-efe0-46cd-aae8-6552b18a0c25
20:59:23,677 INFO  [org.jboss.weld.deployer] (MSC service thread 1-6) JBAS016009: Stopping weld service for deployment e08234d1-efe0-46cd-aae8-6552b18a0c25.war
20:59:23,708 INFO  [org.jboss.as.messaging] (MSC service thread 1-7) JBAS011605: Unbound messaging object to jndi name java:app/jms/mySyncContainerQueue
20:59:23,708 INFO  [org.jboss.as.messaging] (MSC service thread 1-7) JBAS011605: Unbound messaging object to jndi name java:app/jms/classicQueue
20:59:23,709 INFO  [org.jboss.as.messaging] (MSC service thread 1-7) JBAS011605: Unbound messaging object to jndi name java:app/jms/mySyncAppQueue
20:59:23,709 INFO  [org.jboss.as.messaging] (MSC service thread 1-7) JBAS011605: Unbound messaging object to jndi name java:app/jms/myAsyncQueue
20:59:23,718 INFO  [org.jboss.as.server.deployment] (MSC service thread 1-7) JBAS015877: Stopped deployment e08234d1-efe0-46cd-aae8-6552b18a0c25.war (runtime-name: e08234d1-efe0-46cd-aae8-6552b18a0c25.war) in 65ms
20:59:23,731 INFO  [org.jboss.as.repository] (management-handler-thread - 4) JBAS014901: Content removed from location /home/baptiste/eclipse-workspace/jms-basic/target/wildfly-8.2.1.Final/standalone/data/content/34/4c11a0b2678dd5eef6638119d5c0e1f1700f23/content
20:59:23,732 INFO  [org.jboss.as.server] (management-handler-thread - 4) JBAS018558: Undeployed "e08234d1-efe0-46cd-aae8-6552b18a0c25.war" (runtime-name: "e08234d1-efe0-46cd-aae8-6552b18a0c25.war")
Tests run: 2, Failures: 1, Errors: 0, Skipped: 1, Time elapsed: 15.935 sec <<< FAILURE!
testAsync(org.javaee7.jms.basic.async.JmsAsyncTest)  Time elapsed: 10.339 sec  <<< FAILURE!
java.lang.AssertionError: Expected method has not been invoked in 10000ms
	at org.javaee7.jms.basic.utils.ReceptionSynchronizer.waitFor(ReceptionSynchronizer.java:97)
	at org.javaee7.jms.basic.utils.ReceptionSynchronizer.waitFor(ReceptionSynchronizer.java:83)
	at org.javaee7.jms.basic.async.JmsAsyncTest.testAsync(JmsAsyncTest.java:42)
	at sun.reflect.NativeMethodAccessorImpl.invoke0(Native Method)
	at sun.reflect.NativeMethodAccessorImpl.invoke(NativeMethodAccessorImpl.java:62)
	at sun.reflect.DelegatingMethodAccessorImpl.invoke(DelegatingMethodAccessorImpl.java:43)
	at java.lang.reflect.Method.invoke(Method.java:498)
	at org.junit.runners.model.FrameworkMethod$1.runReflectiveCall(FrameworkMethod.java:50)
	at org.junit.internal.runners.model.ReflectiveCallable.run(ReflectiveCallable.java:12)
	at org.junit.runners.model.FrameworkMethod.invokeExplosively(FrameworkMethod.java:47)
	at org.jboss.arquillian.junit.Arquillian$8$1.invokeMethod(Arquillian.java:325)
	at org.jboss.arquillian.junit.MethodInvoker$1.invoke(MethodInvoker.java:18)
	at org.jboss.arquillian.container.test.impl.execution.LocalTestExecuter.execute(LocalTestExecuter.java:57)
	at sun.reflect.NativeMethodAccessorImpl.invoke0(Native Method)
	at sun.reflect.NativeMethodAccessorImpl.invoke(NativeMethodAccessorImpl.java:62)
	at sun.reflect.DelegatingMethodAccessorImpl.invoke(DelegatingMethodAccessorImpl.java:43)
	at java.lang.reflect.Method.invoke(Method.java:498)
	at org.jboss.arquillian.core.impl.ObserverImpl.invoke(ObserverImpl.java:86)
	at org.jboss.arquillian.core.impl.EventContextImpl.invokeObservers(EventContextImpl.java:103)
	at org.jboss.arquillian.core.impl.EventContextImpl.proceed(EventContextImpl.java:90)
	at org.jboss.arquillian.core.impl.ManagerImpl.fire(ManagerImpl.java:133)
	at org.jboss.arquillian.core.impl.ManagerImpl.fire(ManagerImpl.java:105)
	at org.jboss.arquillian.core.impl.EventImpl.fire(EventImpl.java:62)
	at org.jboss.arquillian.container.test.impl.execution.ContainerTestExecuter.execute(ContainerTestExecuter.java:36)
	at sun.reflect.NativeMethodAccessorImpl.invoke0(Native Method)
	at sun.reflect.NativeMethodAccessorImpl.invoke(NativeMethodAccessorImpl.java:62)
	at sun.reflect.DelegatingMethodAccessorImpl.invoke(DelegatingMethodAccessorImpl.java:43)
	at java.lang.reflect.Method.invoke(Method.java:498)
	at org.jboss.arquillian.core.impl.ObserverImpl.invoke(ObserverImpl.java:86)
	at org.jboss.arquillian.core.impl.EventContextImpl.invokeObservers(EventContextImpl.java:103)
	at org.jboss.arquillian.core.impl.EventContextImpl.proceed(EventContextImpl.java:90)
	at org.jboss.arquillian.test.impl.TestContextHandler.createTestContext(TestContextHandler.java:116)
	at sun.reflect.NativeMethodAccessorImpl.invoke0(Native Method)
	at sun.reflect.NativeMethodAccessorImpl.invoke(NativeMethodAccessorImpl.java:62)
	at sun.reflect.DelegatingMethodAccessorImpl.invoke(DelegatingMethodAccessorImpl.java:43)
	at java.lang.reflect.Method.invoke(Method.java:498)
	at org.jboss.arquillian.core.impl.ObserverImpl.invoke(ObserverImpl.java:86)
	at org.jboss.arquillian.core.impl.EventContextImpl.proceed(EventContextImpl.java:95)
	at org.jboss.arquillian.test.impl.TestContextHandler.createClassContext(TestContextHandler.java:83)
	at sun.reflect.NativeMethodAccessorImpl.invoke0(Native Method)
	at sun.reflect.NativeMethodAccessorImpl.invoke(NativeMethodAccessorImpl.java:62)
	at sun.reflect.DelegatingMethodAccessorImpl.invoke(DelegatingMethodAccessorImpl.java:43)
	at java.lang.reflect.Method.invoke(Method.java:498)
	at org.jboss.arquillian.core.impl.ObserverImpl.invoke(ObserverImpl.java:86)
	at org.jboss.arquillian.core.impl.EventContextImpl.proceed(EventContextImpl.java:95)
	at org.jboss.arquillian.test.impl.TestContextHandler.createSuiteContext(TestContextHandler.java:69)
	at sun.reflect.NativeMethodAccessorImpl.invoke0(Native Method)
	at sun.reflect.NativeMethodAccessorImpl.invoke(NativeMethodAccessorImpl.java:62)
	at sun.reflect.DelegatingMethodAccessorImpl.invoke(DelegatingMethodAccessorImpl.java:43)
	at java.lang.reflect.Method.invoke(Method.java:498)
	at org.jboss.arquillian.core.impl.ObserverImpl.invoke(ObserverImpl.java:86)
	at org.jboss.arquillian.core.impl.EventContextImpl.proceed(EventContextImpl.java:95)
	at org.jboss.arquillian.core.impl.ManagerImpl.fire(ManagerImpl.java:133)
	at org.jboss.arquillian.test.impl.EventTestRunnerAdaptor.test(EventTestRunnerAdaptor.java:139)
	at org.jboss.arquillian.junit.MethodInvoker.invoke(MethodInvoker.java:15)
	at org.jboss.arquillian.junit.Arquillian$8.evaluate(Arquillian.java:332)
	at org.jboss.arquillian.junit.Arquillian$4.evaluate(Arquillian.java:204)
	at org.jboss.arquillian.junit.Arquillian.multiExecute(Arquillian.java:350)
	at org.jboss.arquillian.junit.Arquillian.access$200(Arquillian.java:54)
	at org.jboss.arquillian.junit.Arquillian$5.evaluate(Arquillian.java:215)
	at org.jboss.arquillian.junit.Arquillian$7$1.invoke(Arquillian.java:279)
	at org.jboss.arquillian.container.test.impl.execution.BeforeLifecycleEventExecuter.on(BeforeLifecycleEventExecuter.java:34)
	at sun.reflect.NativeMethodAccessorImpl.invoke0(Native Method)
	at sun.reflect.NativeMethodAccessorImpl.invoke(NativeMethodAccessorImpl.java:62)
	at sun.reflect.DelegatingMethodAccessorImpl.invoke(DelegatingMethodAccessorImpl.java:43)
	at java.lang.reflect.Method.invoke(Method.java:498)
	at org.jboss.arquillian.core.impl.ObserverImpl.invoke(ObserverImpl.java:86)
	at org.jboss.arquillian.core.impl.EventContextImpl.invokeObservers(EventContextImpl.java:103)
	at org.jboss.arquillian.core.impl.EventContextImpl.proceed(EventContextImpl.java:90)
	at org.jboss.arquillian.test.impl.TestContextHandler.createTestContext(TestContextHandler.java:116)
	at sun.reflect.NativeMethodAccessorImpl.invoke0(Native Method)
	at sun.reflect.NativeMethodAccessorImpl.invoke(NativeMethodAccessorImpl.java:62)
	at sun.reflect.DelegatingMethodAccessorImpl.invoke(DelegatingMethodAccessorImpl.java:43)
	at java.lang.reflect.Method.invoke(Method.java:498)
	at org.jboss.arquillian.core.impl.ObserverImpl.invoke(ObserverImpl.java:86)
	at org.jboss.arquillian.core.impl.EventContextImpl.proceed(EventContextImpl.java:95)
	at org.jboss.arquillian.test.impl.TestContextHandler.createClassContext(TestContextHandler.java:83)
	at sun.reflect.NativeMethodAccessorImpl.invoke0(Native Method)
	at sun.reflect.NativeMethodAccessorImpl.invoke(NativeMethodAccessorImpl.java:62)
	at sun.reflect.DelegatingMethodAccessorImpl.invoke(DelegatingMethodAccessorImpl.java:43)
	at java.lang.reflect.Method.invoke(Method.java:498)
	at org.jboss.arquillian.core.impl.ObserverImpl.invoke(ObserverImpl.java:86)
	at org.jboss.arquillian.core.impl.EventContextImpl.proceed(EventContextImpl.java:95)
	at org.jboss.arquillian.test.impl.TestContextHandler.createSuiteContext(TestContextHandler.java:69)
	at sun.reflect.NativeMethodAccessorImpl.invoke0(Native Method)
	at sun.reflect.NativeMethodAccessorImpl.invoke(NativeMethodAccessorImpl.java:62)
	at sun.reflect.DelegatingMethodAccessorImpl.invoke(DelegatingMethodAccessorImpl.java:43)
	at java.lang.reflect.Method.invoke(Method.java:498)
	at org.jboss.arquillian.core.impl.ObserverImpl.invoke(ObserverImpl.java:86)
	at org.jboss.arquillian.core.impl.EventContextImpl.proceed(EventContextImpl.java:95)
	at org.jboss.arquillian.core.impl.ManagerImpl.fire(ManagerImpl.java:133)
	at org.jboss.arquillian.core.impl.ManagerImpl.fire(ManagerImpl.java:105)
	at org.jboss.arquillian.test.impl.EventTestRunnerAdaptor.fireCustomLifecycle(EventTestRunnerAdaptor.java:159)
	at org.jboss.arquillian.junit.Arquillian$7.evaluate(Arquillian.java:273)
	at org.junit.runners.ParentRunner.runLeaf(ParentRunner.java:325)
	at org.junit.runners.BlockJUnit4ClassRunner.runChild(BlockJUnit4ClassRunner.java:78)
	at org.junit.runners.BlockJUnit4ClassRunner.runChild(BlockJUnit4ClassRunner.java:57)
	at org.junit.runners.ParentRunner$3.run(ParentRunner.java:290)
	at org.junit.runners.ParentRunner$1.schedule(ParentRunner.java:71)
	at org.junit.runners.ParentRunner.runChildren(ParentRunner.java:288)
	at org.junit.runners.ParentRunner.access$000(ParentRunner.java:58)
	at org.junit.runners.ParentRunner$2.evaluate(ParentRunner.java:268)
	at org.jboss.arquillian.junit.Arquillian$2.evaluate(Arquillian.java:166)
	at org.jboss.arquillian.junit.Arquillian.multiExecute(Arquillian.java:350)
	at org.jboss.arquillian.junit.Arquillian.access$200(Arquillian.java:54)
	at org.jboss.arquillian.junit.Arquillian$3.evaluate(Arquillian.java:177)
	at org.junit.runners.ParentRunner.run(ParentRunner.java:363)
	at org.jboss.arquillian.junit.Arquillian.run(Arquillian.java:115)
	at org.junit.runner.JUnitCore.run(JUnitCore.java:137)
	at org.junit.runner.JUnitCore.run(JUnitCore.java:115)
	at org.jboss.arquillian.junit.container.JUnitTestRunner.execute(JUnitTestRunner.java:61)
	at org.jboss.arquillian.protocol.servlet.runner.ServletTestRunner.executeTest(ServletTestRunner.java:139)
	at org.jboss.arquillian.protocol.servlet.runner.ServletTestRunner.execute(ServletTestRunner.java:117)
	at org.jboss.arquillian.protocol.servlet.runner.ServletTestRunner.doGet(ServletTestRunner.java:86)
	at javax.servlet.http.HttpServlet.service(HttpServlet.java:687)
	at javax.servlet.http.HttpServlet.service(HttpServlet.java:790)
	at io.undertow.servlet.handlers.ServletHandler.handleRequest(ServletHandler.java:86)
	at io.undertow.servlet.handlers.security.ServletSecurityRoleHandler.handleRequest(ServletSecurityRoleHandler.java:62)
	at io.undertow.servlet.handlers.ServletDispatchingHandler.handleRequest(ServletDispatchingHandler.java:36)
	at org.wildfly.extension.undertow.security.SecurityContextAssociationHandler.handleRequest(SecurityContextAssociationHandler.java:78)
	at io.undertow.server.handlers.PredicateHandler.handleRequest(PredicateHandler.java:43)
	at io.undertow.servlet.handlers.security.SSLInformationAssociationHandler.handleRequest(SSLInformationAssociationHandler.java:131)
	at io.undertow.servlet.handlers.security.ServletAuthenticationCallHandler.handleRequest(ServletAuthenticationCallHandler.java:57)
	at io.undertow.server.handlers.PredicateHandler.handleRequest(PredicateHandler.java:43)
	at io.undertow.security.handlers.AbstractConfidentialityHandler.handleRequest(AbstractConfidentialityHandler.java:46)
	at io.undertow.servlet.handlers.security.ServletConfidentialityConstraintHandler.handleRequest(ServletConfidentialityConstraintHandler.java:64)
	at io.undertow.security.handlers.AuthenticationMechanismsHandler.handleRequest(AuthenticationMechanismsHandler.java:58)
	at io.undertow.servlet.handlers.security.CachedAuthenticatedSessionHandler.handleRequest(CachedAuthenticatedSessionHandler.java:70)
	at io.undertow.security.handlers.SecurityInitialHandler.handleRequest(SecurityInitialHandler.java:76)
	at io.undertow.server.handlers.PredicateHandler.handleRequest(PredicateHandler.java:43)
	at org.wildfly.extension.undertow.security.jacc.JACCContextIdHandler.handleRequest(JACCContextIdHandler.java:61)
	at io.undertow.server.handlers.PredicateHandler.handleRequest(PredicateHandler.java:43)
	at io.undertow.server.handlers.PredicateHandler.handleRequest(PredicateHandler.java:43)
	at io.undertow.servlet.handlers.ServletInitialHandler.handleFirstRequest(ServletInitialHandler.java:261)
	at io.undertow.servlet.handlers.ServletInitialHandler.dispatchRequest(ServletInitialHandler.java:248)
	at io.undertow.servlet.handlers.ServletInitialHandler.access$000(ServletInitialHandler.java:77)
	at io.undertow.servlet.handlers.ServletInitialHandler$1.handleRequest(ServletInitialHandler.java:167)
	at io.undertow.server.Connectors.executeRootHandler(Connectors.java:199)
	at io.undertow.server.HttpServerExchange$1.run(HttpServerExchange.java:761)
	at java.util.concurrent.ThreadPoolExecutor.runWorker(ThreadPoolExecutor.java:1149)
	at java.util.concurrent.ThreadPoolExecutor$Worker.run(ThreadPoolExecutor.java:624)
	at java.lang.Thread.run(Thread.java:748)

20:59:23,745 INFO  [org.jboss.as.connector.subsystems.datasources] (MSC service thread 1-2) JBAS010409: Unbound data source [java:jboss/datasources/ExampleDS]
20:59:23,745 INFO  [org.jboss.as.messaging] (MSC service thread 1-8) JBAS011605: Unbound messaging object to jndi name java:jboss/DefaultJMSConnectionFactory
20:59:23,746 INFO  [org.wildfly.extension.undertow] (MSC service thread 1-6) JBAS017532: Host default-host stopping
20:59:23,754 INFO  [org.jboss.as.connector.deployers.jdbc] (MSC service thread 1-1) JBAS010418: Stopped Driver service with driver-name = h2
20:59:23,748 INFO  [org.jboss.as.connector.deployment] (MSC service thread 1-7) JBAS010410: Unbound JCA ConnectionFactory [java:/JmsXA]
20:59:23,758 INFO  [org.jboss.as.messaging] (ServerService Thread Pool -- 57) JBAS011605: Unbound messaging object to jndi name java:jboss/exported/jms/RemoteConnectionFactory
20:59:23,760 INFO  [org.jboss.as.messaging] (ServerService Thread Pool -- 8) JBAS011605: Unbound messaging object to jndi name java:/jms/queue/ExpiryQueue
20:59:23,787 INFO  [org.hornetq.ra] (ServerService Thread Pool -- 28) HQ151003: HornetQ resource adaptor stopped
20:59:23,847 INFO  [org.hornetq.core.server] (ServerService Thread Pool -- 28) HQ221002: HornetQ Server version 2.4.5.FINAL (Wild Hornet, 124) [bafe9642-4d71-11e8-b57f-8532753bb23b] stopped
20:59:23,847 INFO  [org.wildfly.extension.undertow] (MSC service thread 1-6) JBAS017521: Undertow HTTP listener default suspending
20:59:23,848 INFO  [org.wildfly.extension.undertow] (MSC service thread 1-6) JBAS017520: Undertow HTTP listener default stopped, was bound to localhost/127.0.0.1:8080
20:59:23,848 INFO  [org.wildfly.extension.undertow] (MSC service thread 1-6) JBAS017506: Undertow 1.1.8.Final stopping
20:59:23,858 INFO  [org.jboss.as] (MSC service thread 1-8) JBAS015950: WildFly 8.2.1.Final "Tweek" stopped in 98ms

Results :

Failed tests:   testAsync(org.javaee7.jms.basic.async.JmsAsyncTest): Expected method has not been invoked in 10000ms

Tests run: 4, Failures: 1, Errors: 0, Skipped: 2

[INFO] ------------------------------------------------------------------------
[INFO] BUILD FAILURE
[INFO] ------------------------------------------------------------------------
[INFO] Total time: 19.707 s
[INFO] Finished at: 2018-05-01T20:59:23+02:00
[INFO] Final Memory: 36M/375M
[INFO] ------------------------------------------------------------------------
[ERROR] Failed to execute goal org.apache.maven.plugins:maven-surefire-plugin:2.12.4:test (default-test) on project jms-basic: There are test failures.
[ERROR] 
[ERROR] Please refer to /home/baptiste/eclipse-workspace/jms-basic/target/surefire-reports for the individual test results.
[ERROR] -> [Help 1]
[ERROR] 
[ERROR] To see the full stack trace of the errors, re-run Maven with the -e switch.
[ERROR] Re-run Maven using the -X switch to enable full debug logging.
[ERROR] 
[ERROR] For more information about the errors and possible solutions, please read the following articles:
[ERROR] [Help 1] http://cwiki.apache.org/confluence/display/MAVEN/MojoFailureException
